Using pre-set license
Built from '2020.3/staging' branch; Version is '2020.3.9f1 (108be757e447) revision 1084391'; Using compiler version '192528614'; Build Type 'Release'
OS: 'Windows 10 Pro; OS build 19043.1110; Version 2009; 64bit' Language: 'en' Physical Memory: 16079 MB
BatchMode: 1, IsHumanControllingUs: 0, StartBugReporterOnCrash: 0, Is64bit: 1, IsPro: 0

 COMMAND LINE ARGUMENTS:
C:\Program Files\Unity\Hub\Editor\2020.3.9f1\Editor\Unity.exe
-adb2
-batchMode
-noUpm
-name
AssetImportWorker0
-projectPath
C:/Users/tgtho/Documents/UNCC/ITCS 4231 Advanced Game Design/Fennel's World
-logFile
Logs/AssetImportWorker0.log
-srvPort
58765
Successfully changed project path to: C:/Users/tgtho/Documents/UNCC/ITCS 4231 Advanced Game Design/Fennel's World
C:/Users/tgtho/Documents/UNCC/ITCS 4231 Advanced Game Design/Fennel's World
Using Asset Import Pipeline V2.
Refreshing native plugins compatible for Editor in 30.88 ms, found 0 plugins.
Preloading 0 native plugins for Editor in 0.00 ms.
Initialize engine version: 2020.3.9f1 (108be757e447)
[Subsystems] Discovering subsystems at path C:/Program Files/Unity/Hub/Editor/2020.3.9f1/Editor/Data/Resources/UnitySubsystems
[Subsystems] Discovering subsystems at path C:/Users/tgtho/Documents/UNCC/ITCS 4231 Advanced Game Design/Fennel's World/Assets
GfxDevice: creating device client; threaded=0
Direct3D:
    Version:  Direct3D 11.0 [level 11.1]
    Renderer: NVIDIA GeForce GTX 1650 (ID=0x1f91)
    Vendor:   
    VRAM:     3964 MB
    Driver:   30.0.14.7141
Initialize mono
Mono path[0] = 'C:/Program Files/Unity/Hub/Editor/2020.3.9f1/Editor/Data/Managed'
Mono path[1] = 'C:/Program Files/Unity/Hub/Editor/2020.3.9f1/Editor/Data/MonoBleedingEdge/lib/mono/unityjit'
Mono config path = 'C:/Program Files/Unity/Hub/Editor/2020.3.9f1/Editor/Data/MonoBleedingEdge/etc'
Using monoOptions --debugger-agent=transport=dt_socket,embedding=1,server=y,suspend=n,address=127.0.0.1:56180
Begin MonoManager ReloadAssembly
Registering precompiled unity dll's ...
Register platform support module: C:/Program Files/Unity/Hub/Editor/2020.3.9f1/Editor/Data/PlaybackEngines/WindowsStandaloneSupport/UnityEditor.WindowsStandalone.Extensions.dll
Registered in 0.003021 seconds.
Native extension for WindowsStandalone target not found
Refreshing native plugins compatible for Editor in 28.66 ms, found 0 plugins.
Preloading 0 native plugins for Editor in 0.00 ms.
Mono: successfully reloaded assembly
- Completed reload, in  1.527 seconds
Platform modules already initialized, skipping
Registering precompiled user dll's ...
Registered in 0.001026 seconds.
Begin MonoManager ReloadAssembly
Native extension for WindowsStandalone target not found
Refreshing native plugins compatible for Editor in 0.45 ms, found 0 plugins.
Preloading 0 native plugins for Editor in 0.00 ms.
Mono: successfully reloaded assembly
- Completed reload, in  1.105 seconds
Platform modules already initialized, skipping
========================================================================
Worker process is ready to serve import requests
Launched and connected shader compiler UnityShaderCompiler.exe after 0.07 seconds
Refreshing native plugins compatible for Editor in 0.27 ms, found 0 plugins.
Preloading 0 native plugins for Editor in 0.00 ms.
Unloading 1124 Unused Serialized files (Serialized files now loaded: 0)
System memory in use before: 143.7 MB.
System memory in use after: 143.8 MB.

Unloading 10 unused Assets to reduce memory usage. Loaded Objects now: 1595.
Total: 1.719800 ms (FindLiveObjects: 0.113900 ms CreateObjectMapping: 0.027300 ms MarkObjects: 1.441900 ms  DeleteObjects: 0.136000 ms)

========================================================================
Received Import Request.
  path: Assets/Scenes/GameStart.unity
  artifactKey: Guid(eb5ccd79a2633504782bed62600f1390) Importer(815301076,1909f56bfc062723c751e8b465ee728b)
Start importing Assets/Scenes/GameStart.unity using Guid(eb5ccd79a2633504782bed62600f1390) Importer(815301076,1909f56bfc062723c751e8b465ee728b)  -> (artifact id: 'b9a8f9faa632a7c2bd0127b932e7ba48') in 0.022127 seconds
  Import took 0.024421 seconds .

========================================================================
Received Prepare
Registering precompiled user dll's ...
Registered in 0.001240 seconds.
Begin MonoManager ReloadAssembly
Native extension for WindowsStandalone target not found
Refreshing native plugins compatible for Editor in 0.23 ms, found 0 plugins.
Preloading 0 native plugins for Editor in 0.00 ms.
Mono: successfully reloaded assembly
- Completed reload, in  0.779 seconds
Platform modules already initialized, skipping
Refreshing native plugins compatible for Editor in 0.34 ms, found 0 plugins.
Preloading 0 native plugins for Editor in 0.00 ms.
Unloading 1119 Unused Serialized files (Serialized files now loaded: 0)
System memory in use before: 143.7 MB.
System memory in use after: 143.7 MB.

Unloading 5 unused Assets to reduce memory usage. Loaded Objects now: 1598.
Total: 3.626000 ms (FindLiveObjects: 0.186000 ms CreateObjectMapping: 0.043700 ms MarkObjects: 3.276400 ms  DeleteObjects: 0.118200 ms)

========================================================================
Received Import Request.
  Time since last request: 20.605990 seconds.
  path: Assets/Scenes/GameWin.unity
  artifactKey: Guid(55d26d2a5e265974aa2a8b13dde07c40) Importer(815301076,1909f56bfc062723c751e8b465ee728b)
Start importing Assets/Scenes/GameWin.unity using Guid(55d26d2a5e265974aa2a8b13dde07c40) Importer(815301076,1909f56bfc062723c751e8b465ee728b)  -> (artifact id: '00a36016f2e20c4b27bca185cf15ad4a') in 0.019096 seconds
  Import took 0.021475 seconds .

========================================================================
Received Import Request.
  Time since last request: 19.902216 seconds.
  path: Assets/Scenes/Fennel's_World.unity
  artifactKey: Guid(17e71520acb0fab45850099599a26f79) Importer(815301076,1909f56bfc062723c751e8b465ee728b)
Start importing Assets/Scenes/Fennel's_World.unity using Guid(17e71520acb0fab45850099599a26f79) Importer(815301076,1909f56bfc062723c751e8b465ee728b)  -> (artifact id: '729a5a4c0684d1ee8b7b2252d83c82d4') in 0.007878 seconds
  Import took 0.010029 seconds .

========================================================================
Received Prepare
Registering precompiled user dll's ...
Registered in 0.000602 seconds.
Begin MonoManager ReloadAssembly
Native extension for WindowsStandalone target not found
Refreshing native plugins compatible for Editor in 0.27 ms, found 0 plugins.
Preloading 0 native plugins for Editor in 0.00 ms.
Mono: successfully reloaded assembly
- Completed reload, in  0.764 seconds
Platform modules already initialized, skipping
Refreshing native plugins compatible for Editor in 0.23 ms, found 0 plugins.
Preloading 0 native plugins for Editor in 0.00 ms.
Unloading 1119 Unused Serialized files (Serialized files now loaded: 0)
System memory in use before: 143.7 MB.
System memory in use after: 143.8 MB.

Unloading 5 unused Assets to reduce memory usage. Loaded Objects now: 1601.
Total: 1.747800 ms (FindLiveObjects: 0.172400 ms CreateObjectMapping: 0.030600 ms MarkObjects: 1.490900 ms  DeleteObjects: 0.053100 ms)

========================================================================
Received Prepare
Refreshing native plugins compatible for Editor in 1.21 ms, found 0 plugins.
Preloading 0 native plugins for Editor in 0.00 ms.
Unloading 3 Unused Serialized files (Serialized files now loaded: 0)
System memory in use before: 121.2 MB.
System memory in use after: 121.3 MB.

Unloading 3 unused Assets to reduce memory usage. Loaded Objects now: 1601.
Total: 2.386500 ms (FindLiveObjects: 0.180400 ms CreateObjectMapping: 0.052300 ms MarkObjects: 2.071500 ms  DeleteObjects: 0.081300 ms)

========================================================================
Received Import Request.
  Time since last request: 76.960310 seconds.
  path: Assets/Scripts/LevelManager.cs
  artifactKey: Guid(465daf3fa19a3e64b8c8fc06340182df) Importer(815301076,1909f56bfc062723c751e8b465ee728b)
Start importing Assets/Scripts/LevelManager.cs using Guid(465daf3fa19a3e64b8c8fc06340182df) Importer(815301076,1909f56bfc062723c751e8b465ee728b)  -> (artifact id: '71f5c276b8c7366d5d5619754ae10090') in 0.054787 seconds
  Import took 0.058097 seconds .

========================================================================
Received Prepare
Registering precompiled user dll's ...
Registered in 0.001056 seconds.
Begin MonoManager ReloadAssembly
Native extension for WindowsStandalone target not found
Refreshing native plugins compatible for Editor in 0.28 ms, found 0 plugins.
Preloading 0 native plugins for Editor in 0.00 ms.
Mono: successfully reloaded assembly
- Completed reload, in  1.044 seconds
Platform modules already initialized, skipping
Refreshing native plugins compatible for Editor in 0.38 ms, found 0 plugins.
Preloading 0 native plugins for Editor in 0.00 ms.
Unloading 1119 Unused Serialized files (Serialized files now loaded: 0)
System memory in use before: 143.7 MB.
System memory in use after: 143.8 MB.

Unloading 5 unused Assets to reduce memory usage. Loaded Objects now: 1604.
Total: 2.202000 ms (FindLiveObjects: 0.264000 ms CreateObjectMapping: 0.079700 ms MarkObjects: 1.760100 ms  DeleteObjects: 0.097000 ms)

========================================================================
Received Prepare
Registering precompiled user dll's ...
Registered in 0.000824 seconds.
Begin MonoManager ReloadAssembly
Native extension for WindowsStandalone target not found
Refreshing native plugins compatible for Editor in 0.35 ms, found 0 plugins.
Preloading 0 native plugins for Editor in 0.00 ms.
Mono: successfully reloaded assembly
- Completed reload, in  1.170 seconds
Platform modules already initialized, skipping
Refreshing native plugins compatible for Editor in 0.46 ms, found 0 plugins.
Preloading 0 native plugins for Editor in 0.00 ms.
Unloading 1119 Unused Serialized files (Serialized files now loaded: 0)
System memory in use before: 143.7 MB.
System memory in use after: 143.8 MB.

Unloading 5 unused Assets to reduce memory usage. Loaded Objects now: 1607.
Total: 2.906200 ms (FindLiveObjects: 0.335100 ms CreateObjectMapping: 0.147500 ms MarkObjects: 2.329000 ms  DeleteObjects: 0.093100 ms)

========================================================================
Received Prepare
Refreshing native plugins compatible for Editor in 1.41 ms, found 0 plugins.
Preloading 0 native plugins for Editor in 0.00 ms.
Unloading 3 Unused Serialized files (Serialized files now loaded: 0)
System memory in use before: 121.2 MB.
System memory in use after: 121.3 MB.

Unloading 3 unused Assets to reduce memory usage. Loaded Objects now: 1607.
Total: 3.147000 ms (FindLiveObjects: 0.202400 ms CreateObjectMapping: 0.057400 ms MarkObjects: 2.755000 ms  DeleteObjects: 0.131300 ms)

========================================================================
Received Import Request.
  Time since last request: 315.615739 seconds.
  path: Assets/Scenes/GameWin.unity
  artifactKey: Guid(55d26d2a5e265974aa2a8b13dde07c40) Importer(815301076,1909f56bfc062723c751e8b465ee728b)
Start importing Assets/Scenes/GameWin.unity using Guid(55d26d2a5e265974aa2a8b13dde07c40) Importer(815301076,1909f56bfc062723c751e8b465ee728b)  -> (artifact id: '06357fd41fb1c63dc8a08b9c6ae7d633') in 0.046878 seconds
  Import took 0.049516 seconds .

========================================================================
Received Prepare
Registering precompiled user dll's ...
Registered in 0.000599 seconds.
Begin MonoManager ReloadAssembly
Native extension for WindowsStandalone target not found
Refreshing native plugins compatible for Editor in 0.20 ms, found 0 plugins.
Preloading 0 native plugins for Editor in 0.00 ms.
Mono: successfully reloaded assembly
- Completed reload, in  0.756 seconds
Platform modules already initialized, skipping
Refreshing native plugins compatible for Editor in 0.23 ms, found 0 plugins.
Preloading 0 native plugins for Editor in 0.00 ms.
Unloading 1116 Unused Serialized files (Serialized files now loaded: 0)
System memory in use before: 143.7 MB.
System memory in use after: 143.8 MB.

Unloading 8 unused Assets to reduce memory usage. Loaded Objects now: 1607.
Total: 1.749900 ms (FindLiveObjects: 0.132500 ms CreateObjectMapping: 0.033600 ms MarkObjects: 1.523300 ms  DeleteObjects: 0.059300 ms)

========================================================================
Received Prepare
Registering precompiled user dll's ...
Registered in 0.000693 seconds.
Begin MonoManager ReloadAssembly
Native extension for WindowsStandalone target not found
Refreshing native plugins compatible for Editor in 0.19 ms, found 0 plugins.
Preloading 0 native plugins for Editor in 0.00 ms.
Mono: successfully reloaded assembly
- Completed reload, in  0.703 seconds
Platform modules already initialized, skipping
Refreshing native plugins compatible for Editor in 0.29 ms, found 0 plugins.
Preloading 0 native plugins for Editor in 0.00 ms.
Unloading 1116 Unused Serialized files (Serialized files now loaded: 0)
System memory in use before: 143.7 MB.
System memory in use after: 143.8 MB.

Unloading 5 unused Assets to reduce memory usage. Loaded Objects now: 1610.
Total: 1.913900 ms (FindLiveObjects: 0.124900 ms CreateObjectMapping: 0.031300 ms MarkObjects: 1.651100 ms  DeleteObjects: 0.105800 ms)

========================================================================
Received Import Request.
  Time since last request: 56.598386 seconds.
  path: Assets/Scripts/EnemyController.cs
  artifactKey: Guid(85959ef06fbfabf46a6c1b8ad51a0f68) Importer(815301076,1909f56bfc062723c751e8b465ee728b)
Start importing Assets/Scripts/EnemyController.cs using Guid(85959ef06fbfabf46a6c1b8ad51a0f68) Importer(815301076,1909f56bfc062723c751e8b465ee728b)  -> (artifact id: '4b09149c3758b7cfd135a86959ae49b2') in 0.015729 seconds
  Import took 0.017844 seconds .

